<?xml version="1.0" encoding="UTF-8"?>
<!-- Generated by org.testng.reporters.JUnitReportReporter -->
<testsuite hostname="TYC0921363" failures="0" tests="1" name="testcases.Login_Assert_TestCase" time="20.926" errors="0" timestamp="2022-01-11T22:56:15 PST" skipped="0">
  <testcase classname="testcases.Login_Assert_TestCase" name="Demologin" time="20.926"/>
  <system-out/>
</testsuite> <!-- testcases.Login_Assert_TestCase -->
