<?xml version="1.0" encoding="UTF-8"?>
<!-- Generated by org.testng.reporters.JUnitReportReporter -->
<testsuite hostname="DESKTOP-OSOVURS" failures="0" tests="1" name="testUtility.FilePathPractice" time="0.011" errors="0" timestamp="2021-12-03T03:16:55 PST" skipped="0">
  <testcase classname="testUtility.FilePathPractice" name="Test_Configuration" time="0.011"/>
  <system-out/>
</testsuite> <!-- testUtility.FilePathPractice -->
