<?xml version="1.0" encoding="UTF-8"?>
<!-- Generated by org.testng.reporters.JUnitReportReporter -->
<testsuite hostname="DESKTOP-OSOVURS" failures="0" tests="2" name="groups.TC01" time="0.023" errors="0" timestamp="2021-12-07T02:32:00 PST" skipped="0">
  <testcase classname="groups.TC01" name="LoginTest" time="0.018"/>
  <system-out/>
  <testcase classname="groups.TC01" name="cart" time="0.005"/>
  <system-out/>
</testsuite> <!-- groups.TC01 -->
