<?xml version="1.0" encoding="UTF-8"?>
<!-- Generated by org.testng.reporters.JUnitReportReporter -->
<testsuite hostname="TYC0921363" failures="0" tests="1" name="testcases.Screenshots" time="10.359" errors="0" timestamp="2022-01-11T22:56:15 PST" skipped="0">
  <testcase classname="testcases.Screenshots" name="Demologin" time="10.359"/>
  <system-out/>
</testsuite> <!-- testcases.Screenshots -->
