<?xml version="1.0" encoding="UTF-8"?>
<!-- Generated by org.testng.reporters.JUnitReportReporter -->
<testsuite hostname="DESKTOP-OSOVURS" failures="0" tests="1" name="testUtility.Working_With_Include" time="0.010" errors="0" timestamp="2021-12-07T02:03:04 PST" skipped="0">
  <testcase classname="testUtility.Working_With_Include" name="Register" time="0.010"/>
  <system-out/>
</testsuite> <!-- testUtility.Working_With_Include -->
